  PCSNode.cpp
  PCSTree.cpp
  PCSTreeForwardIterator.cpp
  PCSTreeReverseIterator.cpp
  AddNodeRootABCDEIKLRFGJMNOPQHSTUVW_Check.cpp
  AddNodeRootABCDEIKLRFGJMNOPQHS_Check.cpp
  AddNodeRootABCDEIKLRFGJMNOPQH_Check.cpp
  AddNodeRootABCDEIKLRFGJMNOPQ_Check.cpp
  AddNodeRootABCDEIKLRFGJMN_Check.cpp
  AddNodeRootABCDEIKLRFGJ_Check.cpp
  AddNodeRootABCDEIKLRF_Check.cpp
  AddNodeRootABCDEIKLR_Check.cpp
  AddNodeRootABCDEIKL_Check.cpp
  AddNodeRootABCDEI_Check.cpp
  AddNodeRootABC_Check.cpp
  AddNodeRootAB_Check.cpp
  AddNodeRootADFH_Check.cpp
  AddNodeRootADF_Check.cpp
  AddNodeRootAD_Check.cpp
  AddNodeRootA_Check.cpp
  AddNodeRoot_Check.cpp
  AssignOperator_Check.cpp
  CopyConstructor2_Check.cpp
  CopyConstructor3_Check.cpp
  CopyConstructor_Check.cpp
  DefaultConstructor_Check.cpp
  Destructor_Check.cpp
  FullTreeGetNumChildren_Check.cpp
  FullTreeGetNumSiblings_Check.cpp
  FullTreePrintChildren_Check.cpp
  FullTreePrintSiblings_Check.cpp
  FullTree_CheckLevels_C_children_Check.cpp
  FullTree_CheckLevels_C_children_Remove_C_Check.cpp
  FullTree_CheckLevels_C_Children_Remove_OPQ_Check.cpp
  FullTree_CheckLevels_C_Children_Remove_Root_Check.cpp
  FullTree_CheckLevels_C_Children_Remove_R_Check.cpp
  FullTree_CheckLevels_C_children_remove_S_Check.cpp
  FullTree_CheckLevels_C_children_remove_TUVW_Check.cpp
  FullTree_PrintTree_Check.cpp
  FullTree_RemoveA_Check.cpp
  FullTree_RemoveB_Check.cpp
  FullTree_RemoveC_Check.cpp
  FullTree_RemoveD_Check.cpp
  FullTree_RemoveE_Check.cpp
  FullTree_RemoveF_Check.cpp
  FullTree_RemoveG_Check.cpp
  FullTree_RemoveH_Check.cpp
  FullTree_RemoveI_Check.cpp
  FullTree_RemoveJ_Check.cpp
  FullTree_RemoveK_Check.cpp
  FullTree_RemoveL_Check.cpp
  FullTree_RemoveM_Check.cpp
  FullTree_RemoveN_Check.cpp
  FullTree_RemoveO_Check.cpp
  FullTree_RemoveP_Check.cpp
  FullTree_RemoveQ_Check.cpp
  FullTree_RemoveRoot_Check.cpp
  FullTree_RemoveR_Check.cpp
  FullTree_RemoveS_Check.cpp
  FullTree_RemoveT_Check.cpp
  FullTree_RemoveU_Check.cpp
  FullTree_RemoveV_Check.cpp
  FullTree_RemoveW_Check.cpp
  GetChild_Check.cpp
  GetNameNormalNull_Check.cpp
  GetNameNormal_Check.cpp
  GetNameTooBig_Check.cpp
  GetNameTooSmall_Check.cpp
  GetNextSibling_Check.cpp
  GetParent_Check.cpp
  GetPrevSibling_Check.cpp
  PrintNodeWith0Links_Check.cpp
  Print_Check.cpp
  SetChild_Check.cpp
  SetNameNormalNull_Check.cpp
  SetNameNormal_Check.cpp
  SetNameTooBig_Check.cpp
  SetNextSibling_Check.cpp
  SetParent_Check.cpp
  SetPrevSibling_Check.cpp
  SpecializeConstructorName_Check.cpp
  SpecializeConstructor_Check.cpp
  TreeConstructor_Check.cpp
  Version_Check.cpp
  x_PCSNode_Test.cpp
  x_PCSTree_Iterator_Test.cpp
  x_PCSTree_Test.cpp
  main.cpp
  PCSTree.vcxproj -> C:\Users\playd\Perforce\Real Time Software Dev I\jdomino_HW_RTSD1_PA5\keenan2022spring_gam475\student\jdomino\PA5\Debug\PCSTree.exe
