  Add4Allocs_RemoveAll_TrackingThroughHeap.cpp
  Add4Allocs_RemoveAll_TrackingThroughHeap_Global.cpp
  Add4Allocs_RemoveFirst_TrackingThroughHeap.cpp
  Add4Allocs_RemoveFirst_TrackingThroughHeap_Global.cpp
  Add4Allocs_RemoveLast_TrackingThroughHeap.cpp
  Add4Allocs_RemoveLast_TrackingThroughHeap_Global.cpp
  Add4Allocs_RemoveMiddle_TrackingThroughHeap.cpp
  Add4Allocs_RemoveMiddle_TrackingThroughHeap_Global.cpp
  Add4Heaps.cpp
  Add4Heaps_RemoveAllHeaps.cpp
  Add4Heaps_RemoveFirstHeap.cpp
  Add4Heaps_RemoveLastHeap.cpp
  Add4Heaps_RemoveMiddleHeap.cpp
  Add5Allocs_TrackingThroughHeap.cpp
  Add5Allocs_TrackingThroughHeap_Global.cpp
  AddOneHeap.cpp
  AlignCheck.cpp
  AlignCheck2.cpp
  align_128byte_test.cpp
  align_16byte_test.cpp
  align_256byte_test.cpp
  align_32byte_test.cpp
  align_4byte_test.cpp
  align_64byte_test.cpp
  align_8byte_test.cpp
  allocate_5_from_heap.cpp
  allocate_from_heap.cpp
  allocate_from_heapARRAY.cpp
  allocate_from_heapARRAY2.cpp
  allocate_from_heapARRAY3.cpp
  Fixed2_Tracking.cpp
  Fixed_Check1.cpp
  Fixed_Check2.cpp
  Fixed_overflow.cpp
  Fixed_overflow2.cpp
  Fixed_Tracking.cpp
  HeapcCheck.cpp
  HeapcCheck2.cpp
  HeapcCheck3.cpp
  Initialize_GetHeapByAddr_badPtr.cpp
  Initialize_HeapCreate.cpp
  Initialize_Heap_Destroy.cpp
  Initialize_MemorySystem.cpp
  Initialize_NullHeap_Destroy.cpp
  Initialize_WrongHeap_Destroy.cpp
  No_Initialize_Destroy.cpp
  No_Initialize_GetHeapByAddr.cpp
  No_Initialize_HeapCreate.cpp
  No_Initialize_Heap_Destroy.cpp
  No_Initialize_MemorySystem.cpp
  No_Initialize_NullHeap_Destroy.cpp
  TrackCheck.cpp
  TrackCheck2.cpp
  TrackCheck3.cpp
  TrackCheck4.cpp
  Version_Verify.cpp
  Block.cpp
  Dog.cpp
  GlobalNew.cpp
  Heap.cpp
  main.cpp
  Mem.cpp
  Register.cpp
  Generating code
  Previous IPDB not found, fall back to full compilation.
  All 639 functions were compiled because no usable IPDB/IOBJ from previous compilation was found.
  Finished generating code
  Memory.vcxproj -> C:\Users\playd\Perforce\Real Time Software Dev I\jdomino_HW_RTSD1_PA3\keenan2022spring_gam475\student\jdomino\PA3\Release\Memory.exe
